2015-07-06 16:12:28,939 [localhost-startStop-1] ERROR StackTrace  - Full Stack Trace:
org.springframework.mail.MailAuthenticationException: Authentication failed; nested exception is javax.mail.AuthenticationFailedException: failed to connect, no password specified?
	at org.springframework.mail.javamail.JavaMailSenderImpl.doSend(JavaMailSenderImpl.java:400)
	at org.springframework.mail.javamail.JavaMailSenderImpl.send(JavaMailSenderImpl.java:346)
	at org.springframework.mail.javamail.JavaMailSenderImpl.send(JavaMailSenderImpl.java:341)
	at org.springframework.mail.javamail.JavaMailSender$send$0.call(Unknown Source)
	at org.codehaus.groovy.runtime.callsite.CallSiteArray.defaultCall(CallSiteArray.java:45)
	at org.codehaus.groovy.runtime.callsite.AbstractCallSite.call(AbstractCallSite.java:108)
	at org.codehaus.groovy.runtime.callsite.AbstractCallSite.call(AbstractCallSite.java:116)
	at grails.plugin.mail.MailMessageBuilder.sendMessage(MailMessageBuilder.groovy:131)
	at grails.plugin.mail.MailMessageBuilder$sendMessage$0.call(Unknown Source)
	at org.codehaus.groovy.runtime.callsite.CallSiteArray.defaultCall(CallSiteArray.java:45)
	at org.codehaus.groovy.runtime.callsite.AbstractCallSite.call(AbstractCallSite.java:108)
	at org.codehaus.groovy.runtime.callsite.AbstractCallSite.call(AbstractCallSite.java:116)
	at grails.plugin.mail.MailService.sendMail(MailService.groovy:55)
	at grails.plugin.mail.MailService$sendMail$1.callCurrent(Unknown Source)
	at org.codehaus.groovy.runtime.callsite.CallSiteArray.defaultCallCurrent(CallSiteArray.java:49)
	at org.codehaus.groovy.runtime.callsite.AbstractCallSite.callCurrent(AbstractCallSite.java:133)
	at org.codehaus.groovy.runtime.callsite.AbstractCallSite.callCurrent(AbstractCallSite.java:145)
	at grails.plugin.mail.MailService.sendMail(MailService.groovy:59)
	at grails.plugin.mail.MailService$sendMail$0.call(Unknown Source)
	at org.codehaus.groovy.runtime.callsite.CallSiteArray.defaultCall(CallSiteArray.java:45)
	at org.codehaus.groovy.runtime.callsite.AbstractCallSite.call(AbstractCallSite.java:108)
	at org.codehaus.groovy.runtime.callsite.AbstractCallSite.call(AbstractCallSite.java:116)
	at MailGrailsPlugin$_configureSendMail_closure7.doCall(MailGrailsPlugin.groovy:175)
	at sun.reflect.NativeMethodAccessorImpl.invoke0(Native Method)
	at sun.reflect.NativeMethodAccessorImpl.invoke(NativeMethodAccessorImpl.java:62)
	at sun.reflect.DelegatingMethodAccessorImpl.invoke(DelegatingMethodAccessorImpl.java:43)
	at java.lang.reflect.Method.invoke(Method.java:483)
	at org.springsource.loaded.ri.ReflectiveInterceptor.jlrMethodInvoke(ReflectiveInterceptor.java:1270)
	at org.codehaus.groovy.reflection.CachedMethod.invoke(CachedMethod.java:90)
	at org.codehaus.groovy.runtime.metaclass.ClosureMetaMethod.invoke(ClosureMetaMethod.java:80)
	at org.codehaus.groovy.runtime.callsite.PogoMetaMethodSite$PogoMetaMethodSiteNoUnwrapNoCoerce.invoke(PogoMetaMethodSite.java:248)
	at org.codehaus.groovy.runtime.callsite.PogoMetaMethodSite.callCurrent(PogoMetaMethodSite.java:56)
	at org.codehaus.groovy.runtime.callsite.CallSiteArray.defaultCallCurrent(CallSiteArray.java:49)
	at org.codehaus.groovy.runtime.callsite.AbstractCallSite.callCurrent(AbstractCallSite.java:133)
	at org.codehaus.groovy.runtime.callsite.AbstractCallSite.callCurrent(AbstractCallSite.java:141)
	at it.algos.algos.MyMailService.creaPref(MyMailService.groovy:32)
	at it.algos.algos.MyMailService.this$3$creaPref(MyMailService.groovy)
	at it.algos.algos.MyMailService$this$3$creaPref$0.callCurrent(Unknown Source)
	at org.codehaus.groovy.runtime.callsite.CallSiteArray.defaultCallCurrent(CallSiteArray.java:49)
	at org.codehaus.groovy.runtime.callsite.AbstractCallSite.callCurrent(AbstractCallSite.java:133)
	at org.codehaus.groovy.runtime.callsite.AbstractCallSite.callCurrent(AbstractCallSite.java:153)
	at it.algos.algos.MyMailService.creaPreferenze(MyMailService.groovy:22)
	at it.algos.algos.MyMailService$creaPreferenze.call(Unknown Source)
	at org.codehaus.groovy.runtime.callsite.CallSiteArray.defaultCall(CallSiteArray.java:45)
	at org.codehaus.groovy.runtime.callsite.AbstractCallSite.call(AbstractCallSite.java:108)
	at org.codehaus.groovy.runtime.callsite.AbstractCallSite.call(AbstractCallSite.java:112)
	at PrefBootStrap$_closure1.doCall(PrefBootStrap.groovy:21)
	at sun.reflect.NativeMethodAccessorImpl.invoke0(Native Method)
	at sun.reflect.NativeMethodAccessorImpl.invoke(NativeMethodAccessorImpl.java:62)
	at sun.reflect.DelegatingMethodAccessorImpl.invoke(DelegatingMethodAccessorImpl.java:43)
	at java.lang.reflect.Method.invoke(Method.java:483)
	at org.springsource.loaded.ri.ReflectiveInterceptor.jlrMethodInvoke(ReflectiveInterceptor.java:1270)
	at org.codehaus.groovy.reflection.CachedMethod.invoke(CachedMethod.java:90)
	at groovy.lang.MetaMethod.doMethodInvoke(MetaMethod.java:233)
	at groovy.lang.MetaClassImpl.invokeMethod(MetaClassImpl.java:1085)
	at groovy.lang.ExpandoMetaClass.invokeMethod(ExpandoMetaClass.java:1110)
	at groovy.lang.MetaClassImpl.invokeMethod(MetaClassImpl.java:909)
	at groovy.lang.MetaClassImpl.invokeMethod(MetaClassImpl.java:959)
	at groovy.lang.ExpandoMetaClass.invokeMethod(ExpandoMetaClass.java:1110)
	at groovy.lang.MetaClassImpl.invokeMethod(MetaClassImpl.java:909)
	at groovy.lang.Closure.call(Closure.java:423)
	at groovy.lang.Closure.call(Closure.java:417)
	at grails.util.Environment.evaluateEnvironmentSpecificBlock(Environment.java:327)
	at grails.util.Environment.executeForEnvironment(Environment.java:320)
	at grails.util.Environment.executeForCurrentEnvironment(Environment.java:296)
	at org.codehaus.groovy.grails.commons.DefaultGrailsBootstrapClass.callInit(DefaultGrailsBootstrapClass.java:60)
	at org.codehaus.groovy.grails.web.context.GrailsConfigUtils.executeGrailsBootstraps(GrailsConfigUtils.java:78)
	at org.codehaus.groovy.grails.web.context.GrailsContextLoaderListener.initWebApplicationContext(GrailsContextLoaderListener.java:110)
	at org.springframework.web.context.ContextLoaderListener.contextInitialized(ContextLoaderListener.java:106)
	at org.apache.catalina.core.StandardContext.listenerStart(StandardContext.java:4973)
	at org.apache.catalina.core.StandardContext.startInternal(StandardContext.java:5467)
	at org.apache.catalina.util.LifecycleBase.start(LifecycleBase.java:150)
	at org.apache.catalina.core.ContainerBase$StartChild.call(ContainerBase.java:1559)
	at org.apache.catalina.core.ContainerBase$StartChild.call(ContainerBase.java:1549)
	at java.util.concurrent.FutureTask.run(FutureTask.java:266)
	at java.util.concurrent.ThreadPoolExecutor.runWorker(ThreadPoolExecutor.java:1142)
	at java.util.concurrent.ThreadPoolExecutor$Worker.run(ThreadPoolExecutor.java:617)
	at java.lang.Thread.run(Thread.java:745)
Caused by: javax.mail.AuthenticationFailedException: failed to connect, no password specified?
	at javax.mail.Service.connect(Service.java:379)
	at org.springframework.mail.javamail.JavaMailSenderImpl.doSend(JavaMailSenderImpl.java:397)
	... 77 more
2015-07-06 16:12:28,940 [localhost-startStop-1] ERROR StackTrace  - Full Stack Trace:
javax.mail.AuthenticationFailedException: failed to connect, no password specified?
	at javax.mail.Service.connect(Service.java:379)
	at org.springframework.mail.javamail.JavaMailSenderImpl.doSend(JavaMailSenderImpl.java:397)
	at org.springframework.mail.javamail.JavaMailSenderImpl.send(JavaMailSenderImpl.java:346)
	at org.springframework.mail.javamail.JavaMailSenderImpl.send(JavaMailSenderImpl.java:341)
	at org.springframework.mail.javamail.JavaMailSender$send$0.call(Unknown Source)
	at org.codehaus.groovy.runtime.callsite.CallSiteArray.defaultCall(CallSiteArray.java:45)
	at org.codehaus.groovy.runtime.callsite.AbstractCallSite.call(AbstractCallSite.java:108)
	at org.codehaus.groovy.runtime.callsite.AbstractCallSite.call(AbstractCallSite.java:116)
	at grails.plugin.mail.MailMessageBuilder.sendMessage(MailMessageBuilder.groovy:131)
	at grails.plugin.mail.MailMessageBuilder$sendMessage$0.call(Unknown Source)
	at org.codehaus.groovy.runtime.callsite.CallSiteArray.defaultCall(CallSiteArray.java:45)
	at org.codehaus.groovy.runtime.callsite.AbstractCallSite.call(AbstractCallSite.java:108)
	at org.codehaus.groovy.runtime.callsite.AbstractCallSite.call(AbstractCallSite.java:116)
	at grails.plugin.mail.MailService.sendMail(MailService.groovy:55)
	at grails.plugin.mail.MailService$sendMail$1.callCurrent(Unknown Source)
	at org.codehaus.groovy.runtime.callsite.CallSiteArray.defaultCallCurrent(CallSiteArray.java:49)
	at org.codehaus.groovy.runtime.callsite.AbstractCallSite.callCurrent(AbstractCallSite.java:133)
	at org.codehaus.groovy.runtime.callsite.AbstractCallSite.callCurrent(AbstractCallSite.java:145)
	at grails.plugin.mail.MailService.sendMail(MailService.groovy:59)
	at grails.plugin.mail.MailService$sendMail$0.call(Unknown Source)
	at org.codehaus.groovy.runtime.callsite.CallSiteArray.defaultCall(CallSiteArray.java:45)
	at org.codehaus.groovy.runtime.callsite.AbstractCallSite.call(AbstractCallSite.java:108)
	at org.codehaus.groovy.runtime.callsite.AbstractCallSite.call(AbstractCallSite.java:116)
	at MailGrailsPlugin$_configureSendMail_closure7.doCall(MailGrailsPlugin.groovy:175)
	at sun.reflect.NativeMethodAccessorImpl.invoke0(Native Method)
	at sun.reflect.NativeMethodAccessorImpl.invoke(NativeMethodAccessorImpl.java:62)
	at sun.reflect.DelegatingMethodAccessorImpl.invoke(DelegatingMethodAccessorImpl.java:43)
	at java.lang.reflect.Method.invoke(Method.java:483)
	at org.springsource.loaded.ri.ReflectiveInterceptor.jlrMethodInvoke(ReflectiveInterceptor.java:1270)
	at org.codehaus.groovy.reflection.CachedMethod.invoke(CachedMethod.java:90)
	at org.codehaus.groovy.runtime.metaclass.ClosureMetaMethod.invoke(ClosureMetaMethod.java:80)
	at org.codehaus.groovy.runtime.callsite.PogoMetaMethodSite$PogoMetaMethodSiteNoUnwrapNoCoerce.invoke(PogoMetaMethodSite.java:248)
	at org.codehaus.groovy.runtime.callsite.PogoMetaMethodSite.callCurrent(PogoMetaMethodSite.java:56)
	at org.codehaus.groovy.runtime.callsite.CallSiteArray.defaultCallCurrent(CallSiteArray.java:49)
	at org.codehaus.groovy.runtime.callsite.AbstractCallSite.callCurrent(AbstractCallSite.java:133)
	at org.codehaus.groovy.runtime.callsite.AbstractCallSite.callCurrent(AbstractCallSite.java:141)
	at it.algos.algos.MyMailService.creaPref(MyMailService.groovy:32)
	at it.algos.algos.MyMailService.this$3$creaPref(MyMailService.groovy)
	at it.algos.algos.MyMailService$this$3$creaPref$0.callCurrent(Unknown Source)
	at org.codehaus.groovy.runtime.callsite.CallSiteArray.defaultCallCurrent(CallSiteArray.java:49)
	at org.codehaus.groovy.runtime.callsite.AbstractCallSite.callCurrent(AbstractCallSite.java:133)
	at org.codehaus.groovy.runtime.callsite.AbstractCallSite.callCurrent(AbstractCallSite.java:153)
	at it.algos.algos.MyMailService.creaPreferenze(MyMailService.groovy:22)
	at it.algos.algos.MyMailService$creaPreferenze.call(Unknown Source)
	at org.codehaus.groovy.runtime.callsite.CallSiteArray.defaultCall(CallSiteArray.java:45)
	at org.codehaus.groovy.runtime.callsite.AbstractCallSite.call(AbstractCallSite.java:108)
	at org.codehaus.groovy.runtime.callsite.AbstractCallSite.call(AbstractCallSite.java:112)
	at PrefBootStrap$_closure1.doCall(PrefBootStrap.groovy:21)
	at sun.reflect.NativeMethodAccessorImpl.invoke0(Native Method)
	at sun.reflect.NativeMethodAccessorImpl.invoke(NativeMethodAccessorImpl.java:62)
	at sun.reflect.DelegatingMethodAccessorImpl.invoke(DelegatingMethodAccessorImpl.java:43)
	at java.lang.reflect.Method.invoke(Method.java:483)
	at org.springsource.loaded.ri.ReflectiveInterceptor.jlrMethodInvoke(ReflectiveInterceptor.java:1270)
	at org.codehaus.groovy.reflection.CachedMethod.invoke(CachedMethod.java:90)
	at groovy.lang.MetaMethod.doMethodInvoke(MetaMethod.java:233)
	at groovy.lang.MetaClassImpl.invokeMethod(MetaClassImpl.java:1085)
	at groovy.lang.ExpandoMetaClass.invokeMethod(ExpandoMetaClass.java:1110)
	at groovy.lang.MetaClassImpl.invokeMethod(MetaClassImpl.java:909)
	at groovy.lang.MetaClassImpl.invokeMethod(MetaClassImpl.java:959)
	at groovy.lang.ExpandoMetaClass.invokeMethod(ExpandoMetaClass.java:1110)
	at groovy.lang.MetaClassImpl.invokeMethod(MetaClassImpl.java:909)
	at groovy.lang.Closure.call(Closure.java:423)
	at groovy.lang.Closure.call(Closure.java:417)
	at grails.util.Environment.evaluateEnvironmentSpecificBlock(Environment.java:327)
	at grails.util.Environment.executeForEnvironment(Environment.java:320)
	at grails.util.Environment.executeForCurrentEnvironment(Environment.java:296)
	at org.codehaus.groovy.grails.commons.DefaultGrailsBootstrapClass.callInit(DefaultGrailsBootstrapClass.java:60)
	at org.codehaus.groovy.grails.web.context.GrailsConfigUtils.executeGrailsBootstraps(GrailsConfigUtils.java:78)
	at org.codehaus.groovy.grails.web.context.GrailsContextLoaderListener.initWebApplicationContext(GrailsContextLoaderListener.java:110)
	at org.springframework.web.context.ContextLoaderListener.contextInitialized(ContextLoaderListener.java:106)
	at org.apache.catalina.core.StandardContext.listenerStart(StandardContext.java:4973)
	at org.apache.catalina.core.StandardContext.startInternal(StandardContext.java:5467)
	at org.apache.catalina.util.LifecycleBase.start(LifecycleBase.java:150)
	at org.apache.catalina.core.ContainerBase$StartChild.call(ContainerBase.java:1559)
	at org.apache.catalina.core.ContainerBase$StartChild.call(ContainerBase.java:1549)
	at java.util.concurrent.FutureTask.run(FutureTask.java:266)
	at java.util.concurrent.ThreadPoolExecutor.runWorker(ThreadPoolExecutor.java:1142)
	at java.util.concurrent.ThreadPoolExecutor$Worker.run(ThreadPoolExecutor.java:617)
	at java.lang.Thread.run(Thread.java:745)
2015-07-06 16:12:28,941 [localhost-startStop-1] ERROR StackTrace  - Full Stack Trace:
org.springframework.mail.MailAuthenticationException: Authentication failed; nested exception is javax.mail.AuthenticationFailedException: failed to connect, no password specified?
	at grails.plugin.mail.MailMessageBuilder.sendMessage(MailMessageBuilder.groovy:131)
	at grails.plugin.mail.MailService.sendMail(MailService.groovy:55)
	at grails.plugin.mail.MailService.sendMail(MailService.groovy:59)
	at MailGrailsPlugin$_configureSendMail_closure7.doCall(MailGrailsPlugin.groovy:175)
	at it.algos.algos.MyMailService.creaPref(MyMailService.groovy:32)
	at it.algos.algos.MyMailService.creaPreferenze(MyMailService.groovy:22)
	at PrefBootStrap$_closure1.doCall(PrefBootStrap.groovy:21)
	at grails.util.Environment.evaluateEnvironmentSpecificBlock(Environment.java:327)
	at grails.util.Environment.executeForEnvironment(Environment.java:320)
	at grails.util.Environment.executeForCurrentEnvironment(Environment.java:296)
	at java.util.concurrent.FutureTask.run(FutureTask.java:266)
	at java.util.concurrent.ThreadPoolExecutor.runWorker(ThreadPoolExecutor.java:1142)
	at java.util.concurrent.ThreadPoolExecutor$Worker.run(ThreadPoolExecutor.java:617)
	at java.lang.Thread.run(Thread.java:745)
Caused by: javax.mail.AuthenticationFailedException: failed to connect, no password specified?
	at javax.mail.Service.connect(Service.java:379)
	... 14 more
2015-07-06 16:12:28,941 [localhost-startStop-1] ERROR StackTrace  - Full Stack Trace:
org.springframework.mail.MailAuthenticationException: Authentication failed; nested exception is javax.mail.AuthenticationFailedException: failed to connect, no password specified?
	at grails.plugin.mail.MailMessageBuilder.sendMessage(MailMessageBuilder.groovy:131)
	at grails.plugin.mail.MailService.sendMail(MailService.groovy:55)
	at grails.plugin.mail.MailService.sendMail(MailService.groovy:59)
	at MailGrailsPlugin$_configureSendMail_closure7.doCall(MailGrailsPlugin.groovy:175)
	at it.algos.algos.MyMailService.creaPref(MyMailService.groovy:32)
	at it.algos.algos.MyMailService.creaPreferenze(MyMailService.groovy:22)
	at PrefBootStrap$_closure1.doCall(PrefBootStrap.groovy:21)
	at grails.util.Environment.evaluateEnvironmentSpecificBlock(Environment.java:327)
	at grails.util.Environment.executeForEnvironment(Environment.java:320)
	at grails.util.Environment.executeForCurrentEnvironment(Environment.java:296)
	at java.util.concurrent.FutureTask.run(FutureTask.java:266)
	at java.util.concurrent.ThreadPoolExecutor.runWorker(ThreadPoolExecutor.java:1142)
	at java.util.concurrent.ThreadPoolExecutor$Worker.run(ThreadPoolExecutor.java:617)
	at java.lang.Thread.run(Thread.java:745)
Caused by: javax.mail.AuthenticationFailedException: failed to connect, no password specified?
	at javax.mail.Service.connect(Service.java:379)
	... 14 more
2015-07-06 16:12:28,941 [localhost-startStop-1] ERROR StackTrace  - Full Stack Trace:
javax.mail.AuthenticationFailedException: failed to connect, no password specified?
	at javax.mail.Service.connect(Service.java:379)
	at grails.plugin.mail.MailMessageBuilder.sendMessage(MailMessageBuilder.groovy:131)
	at grails.plugin.mail.MailService.sendMail(MailService.groovy:55)
	at grails.plugin.mail.MailService.sendMail(MailService.groovy:59)
	at MailGrailsPlugin$_configureSendMail_closure7.doCall(MailGrailsPlugin.groovy:175)
	at it.algos.algos.MyMailService.creaPref(MyMailService.groovy:32)
	at it.algos.algos.MyMailService.creaPreferenze(MyMailService.groovy:22)
	at PrefBootStrap$_closure1.doCall(PrefBootStrap.groovy:21)
	at grails.util.Environment.evaluateEnvironmentSpecificBlock(Environment.java:327)
	at grails.util.Environment.executeForEnvironment(Environment.java:320)
	at grails.util.Environment.executeForCurrentEnvironment(Environment.java:296)
	at java.util.concurrent.FutureTask.run(FutureTask.java:266)
	at java.util.concurrent.ThreadPoolExecutor.runWorker(ThreadPoolExecutor.java:1142)
	at java.util.concurrent.ThreadPoolExecutor$Worker.run(ThreadPoolExecutor.java:617)
	at java.lang.Thread.run(Thread.java:745)
2015-07-06 16:12:28,941 [localhost-startStop-1] ERROR StackTrace  - Full Stack Trace:
org.springframework.mail.MailAuthenticationException: Authentication failed; nested exception is javax.mail.AuthenticationFailedException: failed to connect, no password specified?
	at grails.plugin.mail.MailMessageBuilder.sendMessage(MailMessageBuilder.groovy:131)
	at grails.plugin.mail.MailService.sendMail(MailService.groovy:55)
	at grails.plugin.mail.MailService.sendMail(MailService.groovy:59)
	at MailGrailsPlugin$_configureSendMail_closure7.doCall(MailGrailsPlugin.groovy:175)
	at it.algos.algos.MyMailService.creaPref(MyMailService.groovy:32)
	at it.algos.algos.MyMailService.creaPreferenze(MyMailService.groovy:22)
	at PrefBootStrap$_closure1.doCall(PrefBootStrap.groovy:21)
	at grails.util.Environment.evaluateEnvironmentSpecificBlock(Environment.java:327)
	at grails.util.Environment.executeForEnvironment(Environment.java:320)
	at grails.util.Environment.executeForCurrentEnvironment(Environment.java:296)
	at java.util.concurrent.FutureTask.run(FutureTask.java:266)
	at java.util.concurrent.ThreadPoolExecutor.runWorker(ThreadPoolExecutor.java:1142)
	at java.util.concurrent.ThreadPoolExecutor$Worker.run(ThreadPoolExecutor.java:617)
	at java.lang.Thread.run(Thread.java:745)
Caused by: javax.mail.AuthenticationFailedException: failed to connect, no password specified?
	at javax.mail.Service.connect(Service.java:379)
	... 14 more
